{"timestamp":"2025-11-05T04:54:55.410Z","level":"DEBUG","message":"Webhook handler registered","context":"webhook","eventType":"github.push"}
{"timestamp":"2025-11-05T04:54:55.411Z","level":"DEBUG","message":"Webhook handler registered","context":"webhook","eventType":"github.pull_request"}
{"timestamp":"2025-11-05T04:54:55.411Z","level":"DEBUG","message":"Webhook handler registered","context":"webhook","eventType":"customer.subscription.deleted"}
{"timestamp":"2025-11-05T04:54:55.411Z","level":"DEBUG","message":"Webhook handler registered","context":"webhook","eventType":"payment_intent.succeeded"}
{"timestamp":"2025-11-05T04:54:55.411Z","level":"DEBUG","message":"Webhook handler registered","context":"webhook","eventType":"task.created"}
{"timestamp":"2025-11-05T04:55:10.428Z","level":"DEBUG","message":"Webhook handler registered","context":"webhook","eventType":"github.push"}
{"timestamp":"2025-11-05T04:55:10.429Z","level":"DEBUG","message":"Webhook handler registered","context":"webhook","eventType":"github.pull_request"}
{"timestamp":"2025-11-05T04:55:10.429Z","level":"DEBUG","message":"Webhook handler registered","context":"webhook","eventType":"task.created"}
{"timestamp":"2025-11-05T04:55:10.429Z","level":"DEBUG","message":"Webhook handler registered","context":"webhook","eventType":"payment_intent.succeeded"}
{"timestamp":"2025-11-05T04:55:10.429Z","level":"DEBUG","message":"Webhook handler registered","context":"webhook","eventType":"customer.subscription.deleted"}
{"timestamp":"2025-11-05T04:55:13.761Z","level":"DEBUG","message":"Webhook handler registered","context":"webhook","eventType":"github.push"}
{"timestamp":"2025-11-05T04:55:13.763Z","level":"DEBUG","message":"Webhook handler registered","context":"webhook","eventType":"payment_intent.succeeded"}
{"timestamp":"2025-11-05T04:55:13.763Z","level":"DEBUG","message":"Webhook handler registered","context":"webhook","eventType":"github.pull_request"}
{"timestamp":"2025-11-05T04:55:13.763Z","level":"DEBUG","message":"Webhook handler registered","context":"webhook","eventType":"customer.subscription.deleted"}
{"timestamp":"2025-11-05T04:55:13.763Z","level":"DEBUG","message":"Webhook handler registered","context":"webhook","eventType":"task.created"}
{"timestamp":"2025-11-05T04:55:17.008Z","level":"DEBUG","message":"Webhook handler registered","context":"webhook","eventType":"github.push"}
{"timestamp":"2025-11-05T04:55:17.009Z","level":"DEBUG","message":"Webhook handler registered","context":"webhook","eventType":"github.pull_request"}
{"timestamp":"2025-11-05T04:55:17.009Z","level":"DEBUG","message":"Webhook handler registered","context":"webhook","eventType":"payment_intent.succeeded"}
{"timestamp":"2025-11-05T04:55:17.009Z","level":"DEBUG","message":"Webhook handler registered","context":"webhook","eventType":"customer.subscription.deleted"}
{"timestamp":"2025-11-05T04:55:17.009Z","level":"DEBUG","message":"Webhook handler registered","context":"webhook","eventType":"task.created"}
{"timestamp":"2025-11-05T04:55:21.829Z","level":"DEBUG","message":"Webhook handler registered","context":"webhook","eventType":"github.push"}
{"timestamp":"2025-11-05T04:55:21.831Z","level":"DEBUG","message":"Webhook handler registered","context":"webhook","eventType":"payment_intent.succeeded"}
{"timestamp":"2025-11-05T04:55:21.831Z","level":"DEBUG","message":"Webhook handler registered","context":"webhook","eventType":"github.pull_request"}
{"timestamp":"2025-11-05T04:55:21.831Z","level":"DEBUG","message":"Webhook handler registered","context":"webhook","eventType":"customer.subscription.deleted"}
{"timestamp":"2025-11-05T04:55:21.831Z","level":"DEBUG","message":"Webhook handler registered","context":"webhook","eventType":"task.created"}
{"timestamp":"2025-11-05T04:55:28.022Z","level":"DEBUG","message":"Webhook handler registered","context":"webhook","eventType":"github.push"}
{"timestamp":"2025-11-05T04:55:28.024Z","level":"DEBUG","message":"Webhook handler registered","context":"webhook","eventType":"github.pull_request"}
{"timestamp":"2025-11-05T04:55:28.024Z","level":"DEBUG","message":"Webhook handler registered","context":"webhook","eventType":"payment_intent.succeeded"}
{"timestamp":"2025-11-05T04:55:28.024Z","level":"DEBUG","message":"Webhook handler registered","context":"webhook","eventType":"customer.subscription.deleted"}
{"timestamp":"2025-11-05T04:55:28.024Z","level":"DEBUG","message":"Webhook handler registered","context":"webhook","eventType":"task.created"}
{"timestamp":"2025-11-05T04:56:01.895Z","level":"DEBUG","message":"Webhook handler registered","context":"webhook","eventType":"github.push"}
{"timestamp":"2025-11-05T04:56:01.901Z","level":"DEBUG","message":"Webhook handler registered","context":"webhook","eventType":"github.pull_request"}
{"timestamp":"2025-11-05T04:56:01.901Z","level":"DEBUG","message":"Webhook handler registered","context":"webhook","eventType":"task.created"}
{"timestamp":"2025-11-05T04:56:01.901Z","level":"DEBUG","message":"Webhook handler registered","context":"webhook","eventType":"payment_intent.succeeded"}
{"timestamp":"2025-11-05T04:56:01.901Z","level":"DEBUG","message":"Webhook handler registered","context":"webhook","eventType":"customer.subscription.deleted"}
{"timestamp":"2025-11-05T04:56:05.099Z","level":"DEBUG","message":"Webhook handler registered","context":"webhook","eventType":"github.pull_request"}
{"timestamp":"2025-11-05T04:56:05.097Z","level":"DEBUG","message":"Webhook handler registered","context":"webhook","eventType":"github.push"}
{"timestamp":"2025-11-05T04:56:05.099Z","level":"DEBUG","message":"Webhook handler registered","context":"webhook","eventType":"payment_intent.succeeded"}
{"timestamp":"2025-11-05T04:56:05.099Z","level":"DEBUG","message":"Webhook handler registered","context":"webhook","eventType":"customer.subscription.deleted"}
{"timestamp":"2025-11-05T04:56:05.099Z","level":"DEBUG","message":"Webhook handler registered","context":"webhook","eventType":"task.created"}
{"timestamp":"2025-11-05T04:56:18.324Z","level":"DEBUG","message":"Webhook handler registered","context":"webhook","eventType":"github.pull_request"}
{"timestamp":"2025-11-05T04:56:18.322Z","level":"DEBUG","message":"Webhook handler registered","context":"webhook","eventType":"github.push"}
{"timestamp":"2025-11-05T04:56:18.324Z","level":"DEBUG","message":"Webhook handler registered","context":"webhook","eventType":"task.created"}
{"timestamp":"2025-11-05T04:56:18.324Z","level":"DEBUG","message":"Webhook handler registered","context":"webhook","eventType":"payment_intent.succeeded"}
{"timestamp":"2025-11-05T04:56:18.324Z","level":"DEBUG","message":"Webhook handler registered","context":"webhook","eventType":"customer.subscription.deleted"}
{"timestamp":"2025-11-05T04:56:40.557Z","level":"DEBUG","message":"Webhook handler registered","context":"webhook","eventType":"github.push"}
{"timestamp":"2025-11-05T04:56:40.559Z","level":"DEBUG","message":"Webhook handler registered","context":"webhook","eventType":"github.pull_request"}
{"timestamp":"2025-11-05T04:56:40.559Z","level":"DEBUG","message":"Webhook handler registered","context":"webhook","eventType":"customer.subscription.deleted"}
{"timestamp":"2025-11-05T04:56:40.559Z","level":"DEBUG","message":"Webhook handler registered","context":"webhook","eventType":"task.created"}
{"timestamp":"2025-11-05T04:56:40.559Z","level":"DEBUG","message":"Webhook handler registered","context":"webhook","eventType":"payment_intent.succeeded"}
{"timestamp":"2025-11-05T05:00:28.926Z","level":"DEBUG","message":"Webhook handler registered","context":"webhook","eventType":"github.push"}
{"timestamp":"2025-11-05T05:00:28.928Z","level":"DEBUG","message":"Webhook handler registered","context":"webhook","eventType":"payment_intent.succeeded"}
{"timestamp":"2025-11-05T05:00:28.928Z","level":"DEBUG","message":"Webhook handler registered","context":"webhook","eventType":"github.pull_request"}
{"timestamp":"2025-11-05T05:00:28.928Z","level":"DEBUG","message":"Webhook handler registered","context":"webhook","eventType":"customer.subscription.deleted"}
{"timestamp":"2025-11-05T05:00:28.928Z","level":"DEBUG","message":"Webhook handler registered","context":"webhook","eventType":"task.created"}
{"timestamp":"2025-11-05T05:01:04.362Z","level":"DEBUG","message":"Webhook handler registered","context":"webhook","eventType":"github.push"}
{"timestamp":"2025-11-05T05:01:04.363Z","level":"DEBUG","message":"Webhook handler registered","context":"webhook","eventType":"payment_intent.succeeded"}
{"timestamp":"2025-11-05T05:01:04.363Z","level":"DEBUG","message":"Webhook handler registered","context":"webhook","eventType":"github.pull_request"}
{"timestamp":"2025-11-05T05:01:04.363Z","level":"DEBUG","message":"Webhook handler registered","context":"webhook","eventType":"customer.subscription.deleted"}
{"timestamp":"2025-11-05T05:01:04.363Z","level":"DEBUG","message":"Webhook handler registered","context":"webhook","eventType":"task.created"}
{"timestamp":"2025-11-05T05:01:24.888Z","level":"DEBUG","message":"Webhook handler registered","context":"webhook","eventType":"github.push"}
{"timestamp":"2025-11-05T05:01:24.889Z","level":"DEBUG","message":"Webhook handler registered","context":"webhook","eventType":"github.pull_request"}
{"timestamp":"2025-11-05T05:01:24.889Z","level":"DEBUG","message":"Webhook handler registered","context":"webhook","eventType":"payment_intent.succeeded"}
{"timestamp":"2025-11-05T05:01:24.889Z","level":"DEBUG","message":"Webhook handler registered","context":"webhook","eventType":"task.created"}
{"timestamp":"2025-11-05T05:01:24.889Z","level":"DEBUG","message":"Webhook handler registered","context":"webhook","eventType":"customer.subscription.deleted"}
{"timestamp":"2025-11-05T05:04:59.213Z","level":"DEBUG","message":"Webhook handler registered","context":"webhook","eventType":"github.push"}
{"timestamp":"2025-11-05T05:04:59.215Z","level":"DEBUG","message":"Webhook handler registered","context":"webhook","eventType":"task.created"}
{"timestamp":"2025-11-05T05:04:59.215Z","level":"DEBUG","message":"Webhook handler registered","context":"webhook","eventType":"customer.subscription.deleted"}
{"timestamp":"2025-11-05T05:04:59.215Z","level":"DEBUG","message":"Webhook handler registered","context":"webhook","eventType":"payment_intent.succeeded"}
{"timestamp":"2025-11-05T05:04:59.215Z","level":"DEBUG","message":"Webhook handler registered","context":"webhook","eventType":"github.pull_request"}
